Case #1: 1 0
Case #2: 1 0
Case #3: 1 1
Case #4: 0 0
Case #5: 500 499
Case #6: 0 0
Case #7: 0 0
Case #8: 0 0
Case #9: 125000 124999
Case #10: 0 0
Case #11: 0 0
Case #12: 1 0
Case #13: 0 0
Case #14: 1 0
Case #15: 0 0
Case #16: 3905 3905
Case #17: 0 0
Case #18: 0 0
Case #19: 1 1
Case #20: 1 0
Case #21: 0 0
Case #22: 500000 499999
Case #23: 1 0
Case #24: 0 0
Case #25: 0 0
Case #26: 3 2
Case #27: 1 0
Case #28: 1 1
Case #29: 0 0
Case #30: 2 1
Case #31: 0 0
Case #32: 1 0
Case #33: 1 0
Case #34: 7812 7811
Case #35: 0 0
Case #36: 0 0
Case #37: 0 0
Case #38: 0 0
Case #39: 0 0
Case #40: 250000 249999
Case #41: 0 0
Case #42: 7812 7811
Case #43: 0 0
Case #44: 3 2
Case #45: 0 0
Case #46: 1 0
Case #47: 0 0
Case #48: 249999 249999
Case #49: 1 0
Case #50: 1 0
Case #51: 0 0
Case #52: 1 0
Case #53: 0 0
Case #54: 1 0
Case #55: 0 0
Case #56: 1 1
Case #57: 3906 3905
Case #58: 0 0
Case #59: 0 0
Case #60: 1 1
Case #61: 1 0
Case #62: 0 0
Case #63: 0 0
Case #64: 1 1
Case #65: 1 1
Case #66: 1953 1952
Case #67: 499999 499999
Case #68: 0 0
Case #69: 1 0
Case #70: 1 0
Case #71: 0 0
Case #72: 0 0
Case #73: 1 0
Case #74: 0 0
Case #75: 0 0
Case #76: 2 2
Case #77: 1 0
Case #78: 1 0
Case #79: 1 1
Case #80: 0 0
Case #81: 0 0
Case #82: 0 0
Case #83: 1 1
Case #84: 0 0
Case #85: 3 2
Case #86: 0 0
Case #87: 1 1
Case #88: 0 0
Case #89: 250000 249999
Case #90: 0 0
Case #91: 0 0
Case #92: 0 0
Case #93: 0 0
Case #94: 0 0
Case #95: 1 1
Case #96: 0 0
Case #97: 0 0
Case #98: 3906 3905
Case #99: 0 0
Case #100: 1 0
